2020-10-15 14:04:36.840  INFO 16728 --- [main] b.c.PropertySourceBootstrapConfiguration : Located property source: CompositePropertySource {name='NACOS', propertySources=[NacosPropertySource {name='demo-server-prod.yaml'}, NacosPropertySource {name='demo-server-sentinel.yaml'}, NacosPropertySource {name='demo-server-redis.yaml'}, NacosPropertySource {name='demo-server-web.yaml'}, NacosPropertySource {name='demo-server-mybatis.yaml'}, NacosPropertySource {name='demo-server-datasource.yaml'}, NacosPropertySource {name='demo-server-common.yaml'}, NacosPropertySource {name='demo-server.yaml'}]}
2020-10-15 14:04:36.864  INFO 16728 --- [main] studio.rockpile.application.DemoServer   : The following profiles are active: common,datasource,mybatis,web,redis,sentinel,prod
2020-10-15 14:04:37.393  INFO 16728 --- [main] .s.d.r.c.RepositoryConfigurationDelegate : Multiple Spring Data modules found, entering strict repository configuration mode!
2020-10-15 14:04:37.395  INFO 16728 --- [main] .s.d.r.c.RepositoryConfigurationDelegate : Bootstrapping Spring Data Redis repositories in DEFAULT mode.
2020-10-15 14:04:37.426  INFO 16728 --- [main] .s.d.r.c.RepositoryConfigurationDelegate : Finished Spring Data repository scanning in 18ms. Found 0 Redis repository interfaces.
2020-10-15 14:04:37.585  INFO 16728 --- [main] o.s.cloud.context.scope.GenericScope     : BeanFactory id=fcb14146-ac77-3608-b3f3-e220ae351860
2020-10-15 14:04:37.821  INFO 16728 --- [main] trationDelegate$BeanPostProcessorChecker : Bean 'org.springframework.transaction.annotation.ProxyTransactionManagementConfiguration' of type [org.springframework.transaction.annotation.ProxyTransactionManagementConfiguration] is not eligible for getting processed by all BeanPostProcessors (for example: not eligible for auto-proxying)
2020-10-15 14:04:38.084  INFO 16728 --- [main] trationDelegate$BeanPostProcessorChecker : Bean 'spring.cloud.sentinel-com.alibaba.cloud.sentinel.SentinelProperties' of type [com.alibaba.cloud.sentinel.SentinelProperties] is not eligible for getting processed by all BeanPostProcessors (for example: not eligible for auto-proxying)
2020-10-15 14:04:38.126  INFO 16728 --- [main] trationDelegate$BeanPostProcessorChecker : Bean 'com.alibaba.cloud.sentinel.custom.SentinelAutoConfiguration' of type [com.alibaba.cloud.sentinel.custom.SentinelAutoConfiguration$$EnhancerBySpringCGLIB$$b7d3b520] is not eligible for getting processed by all BeanPostProcessors (for example: not eligible for auto-proxying)
2020-10-15 14:04:38.138  INFO 16728 --- [main] trationDelegate$BeanPostProcessorChecker : Bean 'org.springframework.cloud.autoconfigure.ConfigurationPropertiesRebinderAutoConfiguration' of type [org.springframework.cloud.autoconfigure.ConfigurationPropertiesRebinderAutoConfiguration] is not eligible for getting processed by all BeanPostProcessors (for example: not eligible for auto-proxying)
2020-10-15 14:04:38.312  INFO 16728 --- [main] o.s.web.context.ContextLoader            : Root WebApplicationContext: initialization completed in 1430 ms
2020-10-15 14:04:40.569  INFO 16728 --- [main] o.s.s.concurrent.ThreadPoolTaskExecutor  : Initializing ExecutorService 'applicationTaskExecutor'
2020-10-15 14:04:41.221  INFO 16728 --- [main] o.s.s.c.ThreadPoolTaskScheduler          : Initializing ExecutorService
2020-10-15 14:04:42.409  INFO 16728 --- [main] o.s.b.w.e.u.UndertowServletWebServer     : Undertow started on port(s) 53011 (http) with context path ''
2020-10-15 14:04:42.970  INFO 16728 --- [main] studio.rockpile.application.DemoServer   : Started DemoServer in 8.189 seconds (JVM running for 8.578)
2020-10-15 14:04:42.971  INFO 16728 --- [main] studio.rockpile.application.DemoServer   : ====== 开始项目启动后执行功能 ======
2020-10-15 14:04:42.975  INFO 16728 --- [main] studio.rockpile.application.DemoServer   : ====== 启动成功 ======
2020-10-15 14:12:34.966  INFO 15520 --- [main] b.c.PropertySourceBootstrapConfiguration : Located property source: CompositePropertySource {name='NACOS', propertySources=[NacosPropertySource {name='demo-server-prod.yaml'}, NacosPropertySource {name='demo-server-sentinel.yaml'}, NacosPropertySource {name='demo-server-redis.yaml'}, NacosPropertySource {name='demo-server-web.yaml'}, NacosPropertySource {name='demo-server-mybatis.yaml'}, NacosPropertySource {name='demo-server-datasource.yaml'}, NacosPropertySource {name='demo-server-common.yaml'}, NacosPropertySource {name='demo-server.yaml'}]}
2020-10-15 14:12:34.982  INFO 15520 --- [main] studio.rockpile.application.DemoServer   : The following profiles are active: common,datasource,mybatis,web,redis,sentinel,prod
2020-10-15 14:12:35.494  INFO 15520 --- [main] .s.d.r.c.RepositoryConfigurationDelegate : Multiple Spring Data modules found, entering strict repository configuration mode!
2020-10-15 14:12:35.497  INFO 15520 --- [main] .s.d.r.c.RepositoryConfigurationDelegate : Bootstrapping Spring Data Redis repositories in DEFAULT mode.
2020-10-15 14:12:35.532  INFO 15520 --- [main] .s.d.r.c.RepositoryConfigurationDelegate : Finished Spring Data repository scanning in 19ms. Found 0 Redis repository interfaces.
2020-10-15 14:12:35.692  INFO 15520 --- [main] o.s.cloud.context.scope.GenericScope     : BeanFactory id=fcb14146-ac77-3608-b3f3-e220ae351860
2020-10-15 14:12:35.905  INFO 15520 --- [main] trationDelegate$BeanPostProcessorChecker : Bean 'org.springframework.transaction.annotation.ProxyTransactionManagementConfiguration' of type [org.springframework.transaction.annotation.ProxyTransactionManagementConfiguration] is not eligible for getting processed by all BeanPostProcessors (for example: not eligible for auto-proxying)
2020-10-15 14:12:36.168  INFO 15520 --- [main] trationDelegate$BeanPostProcessorChecker : Bean 'spring.cloud.sentinel-com.alibaba.cloud.sentinel.SentinelProperties' of type [com.alibaba.cloud.sentinel.SentinelProperties] is not eligible for getting processed by all BeanPostProcessors (for example: not eligible for auto-proxying)
2020-10-15 14:12:36.212  INFO 15520 --- [main] trationDelegate$BeanPostProcessorChecker : Bean 'com.alibaba.cloud.sentinel.custom.SentinelAutoConfiguration' of type [com.alibaba.cloud.sentinel.custom.SentinelAutoConfiguration$$EnhancerBySpringCGLIB$$64b5c9eb] is not eligible for getting processed by all BeanPostProcessors (for example: not eligible for auto-proxying)
2020-10-15 14:12:36.227  INFO 15520 --- [main] trationDelegate$BeanPostProcessorChecker : Bean 'org.springframework.cloud.autoconfigure.ConfigurationPropertiesRebinderAutoConfiguration' of type [org.springframework.cloud.autoconfigure.ConfigurationPropertiesRebinderAutoConfiguration] is not eligible for getting processed by all BeanPostProcessors (for example: not eligible for auto-proxying)
2020-10-15 14:12:36.408  INFO 15520 --- [main] o.s.web.context.ContextLoader            : Root WebApplicationContext: initialization completed in 1411 ms
2020-10-15 14:12:38.511  INFO 15520 --- [main] o.s.s.concurrent.ThreadPoolTaskExecutor  : Initializing ExecutorService 'applicationTaskExecutor'
2020-10-15 14:12:39.201  INFO 15520 --- [main] o.s.s.c.ThreadPoolTaskScheduler          : Initializing ExecutorService
2020-10-15 14:12:40.333  INFO 15520 --- [main] o.s.b.w.e.u.UndertowServletWebServer     : Undertow started on port(s) 53011 (http) with context path ''
2020-10-15 14:12:40.774  INFO 15520 --- [main] studio.rockpile.application.DemoServer   : Started DemoServer in 7.824 seconds (JVM running for 8.21)
2020-10-15 14:12:40.775  INFO 15520 --- [main] studio.rockpile.application.DemoServer   : ====== 开始项目启动后执行功能 ======
2020-10-15 14:12:40.779  INFO 15520 --- [main] studio.rockpile.application.DemoServer   : ====== 启动成功 ======
2020-10-15 14:13:10.517  INFO 15520 --- [XNIO-1 task-1] o.s.web.servlet.DispatcherServlet        : Initializing Servlet 'dispatcherServlet'
2020-10-15 14:13:10.525  INFO 15520 --- [XNIO-1 task-1] o.s.web.servlet.DispatcherServlet        : Completed initialization in 8 ms
2020-10-15 18:24:35.925  INFO 18088 --- [main] b.c.PropertySourceBootstrapConfiguration : Located property source: CompositePropertySource {name='NACOS', propertySources=[NacosPropertySource {name='demo-server-prod.yaml'}, NacosPropertySource {name='demo-server-sentinel.yaml'}, NacosPropertySource {name='demo-server-redis.yaml'}, NacosPropertySource {name='demo-server-web.yaml'}, NacosPropertySource {name='demo-server-mybatis.yaml'}, NacosPropertySource {name='demo-server-datasource.yaml'}, NacosPropertySource {name='demo-server-common.yaml'}, NacosPropertySource {name='demo-server.yaml'}]}
2020-10-15 18:24:35.940  INFO 18088 --- [main] studio.rockpile.application.DemoServer   : The following profiles are active: common,datasource,mybatis,web,redis,sentinel,prod
2020-10-15 18:24:36.453  INFO 18088 --- [main] .s.d.r.c.RepositoryConfigurationDelegate : Multiple Spring Data modules found, entering strict repository configuration mode!
2020-10-15 18:24:36.455  INFO 18088 --- [main] .s.d.r.c.RepositoryConfigurationDelegate : Bootstrapping Spring Data Redis repositories in DEFAULT mode.
2020-10-15 18:24:36.489  INFO 18088 --- [main] .s.d.r.c.RepositoryConfigurationDelegate : Finished Spring Data repository scanning in 18ms. Found 0 Redis repository interfaces.
2020-10-15 18:24:36.652  INFO 18088 --- [main] o.s.cloud.context.scope.GenericScope     : BeanFactory id=fcb14146-ac77-3608-b3f3-e220ae351860
2020-10-15 18:24:36.883  INFO 18088 --- [main] trationDelegate$BeanPostProcessorChecker : Bean 'org.springframework.transaction.annotation.ProxyTransactionManagementConfiguration' of type [org.springframework.transaction.annotation.ProxyTransactionManagementConfiguration] is not eligible for getting processed by all BeanPostProcessors (for example: not eligible for auto-proxying)
2020-10-15 18:24:37.153  INFO 18088 --- [main] trationDelegate$BeanPostProcessorChecker : Bean 'spring.cloud.sentinel-com.alibaba.cloud.sentinel.SentinelProperties' of type [com.alibaba.cloud.sentinel.SentinelProperties] is not eligible for getting processed by all BeanPostProcessors (for example: not eligible for auto-proxying)
2020-10-15 18:24:37.196  INFO 18088 --- [main] trationDelegate$BeanPostProcessorChecker : Bean 'com.alibaba.cloud.sentinel.custom.SentinelAutoConfiguration' of type [com.alibaba.cloud.sentinel.custom.SentinelAutoConfiguration$$EnhancerBySpringCGLIB$$9b62da14] is not eligible for getting processed by all BeanPostProcessors (for example: not eligible for auto-proxying)
2020-10-15 18:24:37.208  INFO 18088 --- [main] trationDelegate$BeanPostProcessorChecker : Bean 'org.springframework.cloud.autoconfigure.ConfigurationPropertiesRebinderAutoConfiguration' of type [org.springframework.cloud.autoconfigure.ConfigurationPropertiesRebinderAutoConfiguration] is not eligible for getting processed by all BeanPostProcessors (for example: not eligible for auto-proxying)
2020-10-15 18:24:37.396  INFO 18088 --- [main] o.s.web.context.ContextLoader            : Root WebApplicationContext: initialization completed in 1442 ms
2020-10-15 18:24:39.626  INFO 18088 --- [main] o.s.s.concurrent.ThreadPoolTaskExecutor  : Initializing ExecutorService 'applicationTaskExecutor'
2020-10-15 18:24:40.346  INFO 18088 --- [main] o.s.s.c.ThreadPoolTaskScheduler          : Initializing ExecutorService
2020-10-15 18:24:41.489  INFO 18088 --- [main] o.s.b.w.e.u.UndertowServletWebServer     : Undertow started on port(s) 53011 (http) with context path ''
2020-10-15 18:24:41.969  INFO 18088 --- [main] studio.rockpile.application.DemoServer   : Started DemoServer in 8.071 seconds (JVM running for 8.487)
2020-10-15 18:24:41.970  INFO 18088 --- [main] studio.rockpile.application.DemoServer   : ====== 开始项目启动后执行功能 ======
2020-10-15 18:24:41.975  INFO 18088 --- [main] studio.rockpile.application.DemoServer   : ====== 启动成功 ======
2020-10-15 18:27:29.089  INFO 18088 --- [XNIO-1 task-1] o.s.web.servlet.DispatcherServlet        : Initializing Servlet 'dispatcherServlet'
2020-10-15 18:27:29.101  INFO 18088 --- [XNIO-1 task-1] o.s.web.servlet.DispatcherServlet        : Completed initialization in 9 ms
